  main.cpp
c:\users\apo_n\documents\github\thesis\pouring_simulation\demo\scenes/pouring.h(82): warning C4244: 'argument': conversion from '__int64' to 'unsigned int', possible loss of data
c:\users\apo_n\documents\github\thesis\pouring_simulation\demo\scenes/pouring.h(83): warning C4244: 'argument': conversion from 'double' to 'float', possible loss of data
c:\users\apo_n\documents\github\thesis\pouring_simulation\demo\scenes/pouring.h(89): warning C4244: 'argument': conversion from '__int64' to 'unsigned int', possible loss of data
c:\users\apo_n\documents\github\thesis\pouring_simulation\demo\scenes/pouring.h(188): warning C4244: 'argument': conversion from 'double' to 'float', possible loss of data
c:\users\apo_n\documents\github\thesis\pouring_simulation\demo\scenes/pouring.h(205): warning C4244: '=': conversion from 'int' to 'float', possible loss of data
c:\users\apo_n\documents\github\thesis\pouring_simulation\demo\scenes/pouring.h(295): warning C4244: 'initializing': conversion from 'double' to 'float', possible loss of data
c:\users\apo_n\documents\github\thesis\pouring_simulation\demo\scenes/pouring.h(301): warning C4244: 'initializing': conversion from 'double' to 'float', possible loss of data
c:\users\apo_n\documents\github\thesis\pouring_simulation\demo\scenes/pouring_bottle.h(82): warning C4244: 'argument': conversion from '__int64' to 'unsigned int', possible loss of data
c:\users\apo_n\documents\github\thesis\pouring_simulation\demo\scenes/pouring_bottle.h(83): warning C4244: 'argument': conversion from 'double' to 'float', possible loss of data
c:\users\apo_n\documents\github\thesis\pouring_simulation\demo\scenes/pouring_bottle.h(86): warning C4305: '=': truncation from 'double' to 'float'
c:\users\apo_n\documents\github\thesis\pouring_simulation\demo\scenes/pouring_bottle.h(89): warning C4244: 'argument': conversion from '__int64' to 'unsigned int', possible loss of data
c:\users\apo_n\documents\github\thesis\pouring_simulation\demo\scenes/pouring_bottle.h(189): warning C4244: 'argument': conversion from 'double' to 'float', possible loss of data
c:\users\apo_n\documents\github\thesis\pouring_simulation\demo\scenes/pouring_bottle.h(206): warning C4244: '=': conversion from 'int' to 'float', possible loss of data
c:\users\apo_n\documents\github\thesis\pouring_simulation\demo\scenes/pouring_bottle.h(296): warning C4244: 'initializing': conversion from 'double' to 'float', possible loss of data
c:\users\apo_n\documents\github\thesis\pouring_simulation\demo\scenes/pouring_bottle.h(302): warning C4244: 'initializing': conversion from 'double' to 'float', possible loss of data
c:\users\apo_n\documents\github\thesis\pouring_simulation\demo\scenes/calibration.h(81): warning C4244: 'argument': conversion from '__int64' to 'unsigned int', possible loss of data
c:\users\apo_n\documents\github\thesis\pouring_simulation\demo\scenes/calibration.h(82): warning C4244: 'argument': conversion from 'double' to 'float', possible loss of data
c:\users\apo_n\documents\github\thesis\pouring_simulation\demo\scenes/calibration.h(88): warning C4244: 'argument': conversion from '__int64' to 'unsigned int', possible loss of data
c:\users\apo_n\documents\github\thesis\pouring_simulation\demo\scenes/calibration.h(120): error C2065: 'Material': undeclared identifier
c:\users\apo_n\documents\github\thesis\pouring_simulation\demo\scenes/calibration.h(120): error C2146: syntax error: missing ';' before identifier 'red_material'
c:\users\apo_n\documents\github\thesis\pouring_simulation\demo\scenes/calibration.h(120): error C2065: 'red_material': undeclared identifier
c:\users\apo_n\documents\github\thesis\pouring_simulation\demo\scenes/calibration.h(121): error C2065: 'red_material': undeclared identifier
c:\users\apo_n\documents\github\thesis\pouring_simulation\demo\scenes/calibration.h(121): error C2228: left of '.ambient' must have class/struct/union
  c:\users\apo_n\documents\github\thesis\pouring_simulation\demo\scenes/calibration.h(121): note: type is 'unknown-type'
c:\users\apo_n\documents\github\thesis\pouring_simulation\demo\scenes/calibration.h(122): error C2065: 'red_material': undeclared identifier
c:\users\apo_n\documents\github\thesis\pouring_simulation\demo\scenes/calibration.h(122): error C2228: left of '.diffuse' must have class/struct/union
  c:\users\apo_n\documents\github\thesis\pouring_simulation\demo\scenes/calibration.h(122): note: type is 'unknown-type'
c:\users\apo_n\documents\github\thesis\pouring_simulation\demo\scenes/calibration.h(123): error C2065: 'red_material': undeclared identifier
c:\users\apo_n\documents\github\thesis\pouring_simulation\demo\scenes/calibration.h(123): error C2228: left of '.specular' must have class/struct/union
  c:\users\apo_n\documents\github\thesis\pouring_simulation\demo\scenes/calibration.h(123): note: type is 'unknown-type'
c:\users\apo_n\documents\github\thesis\pouring_simulation\demo\scenes/calibration.h(124): error C2065: 'red_material': undeclared identifier
c:\users\apo_n\documents\github\thesis\pouring_simulation\demo\scenes/calibration.h(124): error C2228: left of '.shininess' must have class/struct/union
  c:\users\apo_n\documents\github\thesis\pouring_simulation\demo\scenes/calibration.h(124): note: type is 'unknown-type'
c:\users\apo_n\documents\github\thesis\pouring_simulation\demo\scenes/calibration.h(127): error C2039: 'SetMaterial': is not a member of 'Mesh'
  c:\users\apo_n\documents\github\thesis\pouring_simulation\demo\../core/voxelize.h(30): note: see declaration of 'Mesh'
c:\users\apo_n\documents\github\thesis\pouring_simulation\demo\scenes/calibration.h(127): error C2065: 'red_material': undeclared identifier
c:\users\apo_n\documents\github\thesis\pouring_simulation\demo\scenes/calibration.h(187): warning C4244: 'argument': conversion from 'double' to 'float', possible loss of data
c:\users\apo_n\documents\github\thesis\pouring_simulation\demo\scenes/calibration.h(204): warning C4244: '=': conversion from 'int' to 'float', possible loss of data
..\..\main.cpp(627): warning C4305: '=': truncation from 'double' to 'float'
