d:\documents\flex-110\flex\extensions\compiler\vc14win64\build\win64\release\vc140.pdb
d:\documents\flex-110\flex\extensions\compiler\vc14win64\build\win64\release\aabbtree.obj
d:\documents\flex-110\flex\extensions\compiler\vc14win64\build\win64\release\maths.obj
d:\documents\flex-110\flex\extensions\compiler\vc14win64\build\win64\release\voxelize.obj
d:\documents\flex-110\flex\extensions\compiler\vc14win64\build\win64\release\sdf.obj
d:\documents\flex-110\flex\extensions\compiler\vc14win64\build\win64\release\flexextsoft.obj
d:\documents\flex-110\flex\extensions\compiler\vc14win64\build\win64\release\flexextrigid.obj
d:\documents\flex-110\flex\extensions\compiler\vc14win64\build\win64\release\flexextmovingframe.obj
d:\documents\flex-110\flex\extensions\compiler\vc14win64\build\win64\release\flexextcontainer.obj
d:\documents\flex-110\flex\extensions\compiler\vc14win64\build\win64\release\flexextcloth.obj
d:\documents\flex-110\flex\extensions\compiler\vc14win64\x64\flexextcuda\release\cuda\flexext.obj
d:\documents\flex-110\flex\lib\win64\nvflexextreleasecuda_x64.lib
d:\documents\flex-110\flex\lib\win64\nvflexextreleasecuda_x64.exp
d:\documents\flex-110\flex\bin\win64\nvflexextreleasecuda_x64.dll
d:\documents\flex-110\flex\bin\win64\nvflexextreleasecuda_x64.ipdb
d:\documents\flex-110\flex\bin\win64\nvflexextreleasecuda_x64.iobj
d:\documents\flex-110\flex\bin\win64\nvflexextreleasecuda_x64.dll.pdb
d:\documents\flex-110\flex\extensions\compiler\vc14win64\./../../../bin/win64\nvflexextreleasecuda_x64.dll
d:\documents\flex-110\flex\extensions\compiler\vc14win64\build\win64\release\flexextcuda.tlog\cl.command.1.tlog
d:\documents\flex-110\flex\extensions\compiler\vc14win64\build\win64\release\flexextcuda.tlog\cl.read.1.tlog
d:\documents\flex-110\flex\extensions\compiler\vc14win64\build\win64\release\flexextcuda.tlog\cl.write.1.tlog
d:\documents\flex-110\flex\extensions\compiler\vc14win64\build\win64\release\flexextcuda.tlog\custombuild.command.1.tlog
d:\documents\flex-110\flex\extensions\compiler\vc14win64\build\win64\release\flexextcuda.tlog\custombuild.read.1.tlog
d:\documents\flex-110\flex\extensions\compiler\vc14win64\build\win64\release\flexextcuda.tlog\custombuild.write.1.tlog
d:\documents\flex-110\flex\extensions\compiler\vc14win64\build\win64\release\flexextcuda.tlog\flexextcuda.write.1u.tlog
d:\documents\flex-110\flex\extensions\compiler\vc14win64\build\win64\release\flexextcuda.tlog\link.command.1.tlog
d:\documents\flex-110\flex\extensions\compiler\vc14win64\build\win64\release\flexextcuda.tlog\link.read.1.tlog
d:\documents\flex-110\flex\extensions\compiler\vc14win64\build\win64\release\flexextcuda.tlog\link.write.1.tlog
