  main.cpp
c:\users\apo_n\documents\flex2.0_working - copy\flex-110\flex\demo\scenes/pouring.h(89): warning C4244: 'argument': conversion from '__int64' to 'unsigned int', possible loss of data
c:\users\apo_n\documents\flex2.0_working - copy\flex-110\flex\demo\scenes/pouring.h(90): warning C4244: 'argument': conversion from 'double' to 'float', possible loss of data
c:\users\apo_n\documents\flex2.0_working - copy\flex-110\flex\demo\scenes/pouring.h(94): warning C4244: 'argument': conversion from '__int64' to 'unsigned int', possible loss of data
c:\users\apo_n\documents\flex2.0_working - copy\flex-110\flex\demo\scenes/pouring.h(139): warning C4244: '=': conversion from 'double' to 'float', possible loss of data
c:\users\apo_n\documents\flex2.0_working - copy\flex-110\flex\demo\scenes/pouring.h(144): warning C4244: '=': conversion from 'double' to 'float', possible loss of data
c:\users\apo_n\documents\flex2.0_working - copy\flex-110\flex\demo\scenes/pouring.h(192): warning C4244: 'initializing': conversion from 'double' to 'float', possible loss of data
c:\users\apo_n\documents\flex2.0_working - copy\flex-110\flex\demo\scenes/pouring.h(194): warning C4244: 'argument': conversion from 'double' to 'float', possible loss of data
c:\users\apo_n\documents\flex2.0_working - copy\flex-110\flex\demo\scenes/pouring.h(245): warning C4244: 'argument': conversion from 'double' to 'float', possible loss of data
c:\users\apo_n\documents\flex2.0_working - copy\flex-110\flex\demo\scenes/pouring.h(246): warning C4244: 'argument': conversion from 'double' to 'float', possible loss of data
c:\users\apo_n\documents\flex2.0_working - copy\flex-110\flex\demo\scenes/pouring.h(250): warning C4244: 'argument': conversion from 'double' to 'float', possible loss of data
c:\users\apo_n\documents\flex2.0_working - copy\flex-110\flex\demo\scenes/pouring.h(251): warning C4244: 'argument': conversion from 'double' to 'float', possible loss of data
c:\users\apo_n\documents\flex2.0_working - copy\flex-110\flex\demo\scenes/pouring.h(319): warning C4244: 'initializing': conversion from 'double' to 'float', possible loss of data
c:\users\apo_n\documents\flex2.0_working - copy\flex-110\flex\demo\scenes/pouring.h(329): warning C4244: 'initializing': conversion from 'double' to 'float', possible loss of data
..\..\main.cpp(2638): warning C4101: 'e': unreferenced local variable
     Creating library ./../../../bin/win32\NvFlexDemoReleaseD3D_x86.lib and object ./../../../bin/win32\NvFlexDemoReleaseD3D_x86.exp
  Generating code
  59 of 4187 functions ( 1.4%) were compiled, the rest were copied from previous compilation.
    0 functions were new in current compilation
    20 functions had inline decision re-evaluated but remain unchanged
  Finished generating code
  flexDemoD3D.vcxproj -> C:\Users\apo_n\Documents\flex2.0_working - Copy\flex-110\flex\demo\compiler\vc14win32\./../../../bin/win32\NvFlexDemoReleaseD3D_x86.exe
  flexDemoD3D.vcxproj -> ./../../../bin/win32\/NvFlexDemoReleaseD3D_x86.exe.pdb (Full PDB)
