d:\documents\flex-110\flex\extensions\compiler\vc14win64\build\win64\debug\vc140.pdb
d:\documents\flex-110\flex\extensions\compiler\vc14win64\build\win64\debug\aabbtree.obj
d:\documents\flex-110\flex\extensions\compiler\vc14win64\build\win64\debug\maths.obj
d:\documents\flex-110\flex\extensions\compiler\vc14win64\build\win64\debug\voxelize.obj
d:\documents\flex-110\flex\extensions\compiler\vc14win64\build\win64\debug\sdf.obj
d:\documents\flex-110\flex\extensions\compiler\vc14win64\build\win64\debug\flexextsoft.obj
d:\documents\flex-110\flex\extensions\compiler\vc14win64\build\win64\debug\flexextrigid.obj
d:\documents\flex-110\flex\extensions\compiler\vc14win64\build\win64\debug\flexextmovingframe.obj
d:\documents\flex-110\flex\extensions\compiler\vc14win64\build\win64\debug\flexextcontainer.obj
d:\documents\flex-110\flex\extensions\compiler\vc14win64\build\win64\debug\flexextcloth.obj
d:\documents\flex-110\flex\extensions\compiler\vc14win64\x64\flexextcuda\debug\cuda\flexext.obj
d:\documents\flex-110\flex\lib\win64\nvflexextdebugcuda_x64.lib
d:\documents\flex-110\flex\lib\win64\nvflexextdebugcuda_x64.exp
d:\documents\flex-110\flex\bin\win64\nvflexextdebugcuda_x64.ilk
d:\documents\flex-110\flex\bin\win64\nvflexextdebugcuda_x64.dll
d:\documents\flex-110\flex\bin\win64\nvflexextdebugcuda_x64.dll.pdb
d:\documents\flex-110\flex\extensions\compiler\vc14win64\./../../../bin/win64\nvflexextdebugcuda_x64.dll
d:\documents\flex-110\flex\extensions\compiler\vc14win64\build\win64\debug\flexextcuda.tlog\cl.command.1.tlog
d:\documents\flex-110\flex\extensions\compiler\vc14win64\build\win64\debug\flexextcuda.tlog\cl.read.1.tlog
d:\documents\flex-110\flex\extensions\compiler\vc14win64\build\win64\debug\flexextcuda.tlog\cl.write.1.tlog
d:\documents\flex-110\flex\extensions\compiler\vc14win64\build\win64\debug\flexextcuda.tlog\custombuild.command.1.tlog
d:\documents\flex-110\flex\extensions\compiler\vc14win64\build\win64\debug\flexextcuda.tlog\custombuild.read.1.tlog
d:\documents\flex-110\flex\extensions\compiler\vc14win64\build\win64\debug\flexextcuda.tlog\custombuild.write.1.tlog
d:\documents\flex-110\flex\extensions\compiler\vc14win64\build\win64\debug\flexextcuda.tlog\flexextcuda.write.1u.tlog
d:\documents\flex-110\flex\extensions\compiler\vc14win64\build\win64\debug\flexextcuda.tlog\link.command.1.tlog
d:\documents\flex-110\flex\extensions\compiler\vc14win64\build\win64\debug\flexextcuda.tlog\link.read.1.tlog
d:\documents\flex-110\flex\extensions\compiler\vc14win64\build\win64\debug\flexextcuda.tlog\link.write.1.tlog
